#
# A fatal error has been detected by the Java Runtime Environment:
#
#  Internal Error (javaCalls.cpp:51), pid=22344, tid=0x00000000000056ac
#  guarantee(thread->is_Java_thread()) failed: crucial check - the VM thread cannot and must not escape to Java code
#
# JRE version: Java(TM) SE Runtime Environment (8.0_271-b09) (build 1.8.0_271-b09)
# Java VM: Java HotSpot(TM) 64-Bit Server VM (25.271-b09 mixed mode windows-amd64 compressed oops)
# Failed to write core dump. Minidumps are not enabled by default on client versions of Windows
#
# If you would like to submit a bug report, please visit:
#   http://bugreport.java.com/bugreport/crash.jsp
#

---------------  T H R E A D  ---------------

Current thread (0x000001d3fc7fd000):  VMThread [stack: 0x000000755a700000,0x000000755a800000] [id=22188]

Stack: [0x000000755a700000,0x000000755a800000]
Native frames: (J=compiled Java code, j=interpreted, Vv=VM code, C=native code)
V  [jvm.dll+0x33f6c9]
V  [jvm.dll+0x286122]
V  [jvm.dll+0x286dcd]
V  [jvm.dll+0x27d787]
V  [jvm.dll+0x21b9fd]
V  [jvm.dll+0x21c047]
V  [jvm.dll+0x33f5e2]
V  [jvm.dll+0x21c671]
V  [jvm.dll+0x27e9d5]
V  [jvm.dll+0x27ec1d]
V  [jvm.dll+0x27ed69]
V  [jvm.dll+0x11b2e8]
V  [jvm.dll+0x11a902]
V  [jvm.dll+0x11856a]
V  [jvm.dll+0x11957e]
V  [jvm.dll+0x116bea]
V  [jvm.dll+0x115d7a]
V  [jvm.dll+0xdd69b]
V  [jvm.dll+0xde133]
V  [jvm.dll+0x122b84]
V  [jvm.dll+0x145e40]
V  [jvm.dll+0x1c9df1]
V  [jvm.dll+0x256557]
V  [jvm.dll+0x254cc5]
V  [jvm.dll+0x25543c]
V  [jvm.dll+0x25574c]
V  [jvm.dll+0x2a2dcc]
C  [ucrtbase.dll+0x210b2]
C  [KERNEL32.DLL+0x17c24]
C  [ntdll.dll+0x6d4d1]

VM_Operation (0x000000755acff360): GetOrSetLocal, mode: safepoint, requested by thread 0x000001d3fd48f800


---------------  P R O C E S S  ---------------

Java Threads: ( => current thread )
  0x000001d3fe774000 JavaThread "Service Thread" daemon [_thread_blocked, id=7308, stack(0x000000755b300000,0x000000755b400000)]
  0x000001d3fe6e8000 JavaThread "C1 CompilerThread3" daemon [_thread_blocked, id=23172, stack(0x000000755b200000,0x000000755b300000)]
  0x000001d3fe6e7000 JavaThread "C2 CompilerThread2" daemon [_thread_blocked, id=14808, stack(0x000000755b100000,0x000000755b200000)]
  0x000001d3fe6e6000 JavaThread "C2 CompilerThread1" daemon [_thread_blocked, id=13556, stack(0x000000755b000000,0x000000755b100000)]
  0x000001d3fe6e3800 JavaThread "C2 CompilerThread0" daemon [_thread_blocked, id=19560, stack(0x000000755af00000,0x000000755b000000)]
  0x000001d3fd4a9000 JavaThread "JDWP Command Reader" daemon [_thread_in_native, id=23476, stack(0x000000755ae00000,0x000000755af00000)]
  0x000001d3fd49c000 JavaThread "JDWP Event Helper Thread" daemon [_thread_blocked, id=19684, stack(0x000000755ad00000,0x000000755ae00000)]
  0x000001d3fd48f800 JavaThread "JDWP Transport Listener: dt_socket" daemon [_thread_blocked, id=23496, stack(0x000000755ac00000,0x000000755ad00000)]
  0x000001d3fd42e000 JavaThread "Attach Listener" daemon [_thread_blocked, id=16396, stack(0x000000755ab00000,0x000000755ac00000)]
  0x000001d3fd485000 JavaThread "Signal Dispatcher" daemon [_thread_blocked, id=20368, stack(0x000000755aa00000,0x000000755ab00000)]
  0x000001d3fd400000 JavaThread "Finalizer" daemon [_thread_blocked, id=19348, stack(0x000000755a900000,0x000000755aa00000)]
  0x000001d3fd3f8800 JavaThread "Reference Handler" daemon [_thread_blocked, id=8336, stack(0x000000755a800000,0x000000755a900000)]
  0x000001d3e67c9800 JavaThread "main" [_thread_blocked, id=3084, stack(0x0000007559e00000,0x0000007559f00000)]

Other Threads:
=>0x000001d3fc7fd000 VMThread [stack: 0x000000755a700000,0x000000755a800000] [id=22188]
  0x000001d3fe795000 WatcherThread [stack: 0x000000755b400000,0x000000755b500000] [id=16456]

VM state:at safepoint (normal execution)

VM Mutex/Monitor currently owned by a thread:  ([mutex/lock_event])
[0x000001d3e67c62b0] Threads_lock - owner thread: 0x000001d3fc7fd000

heap address: 0x0000000081c00000, size: 2020 MB, Compressed Oops mode: 32-bit
Narrow klass base: 0x0000000000000000, Narrow klass shift: 3
Compressed class space size: 1073741824 Address: 0x0000000100000000

Heap:
 PSYoungGen      total 38400K, used 6005K [0x00000000d5f00000, 0x00000000d8980000, 0x0000000100000000)
  eden space 33280K, 18% used [0x00000000d5f00000,0x00000000d64dd790,0x00000000d7f80000)
  from space 5120K, 0% used [0x00000000d8480000,0x00000000d8480000,0x00000000d8980000)
  to   space 5120K, 0% used [0x00000000d7f80000,0x00000000d7f80000,0x00000000d8480000)
 ParOldGen       total 87552K, used 0K [0x0000000081c00000, 0x0000000087180000, 0x00000000d5f00000)
  object space 87552K, 0% used [0x0000000081c00000,0x0000000081c00000,0x0000000087180000)
 Metaspace       used 4841K, capacity 5232K, committed 5504K, reserved 1056768K
  class space    used 558K, capacity 595K, committed 640K, reserved 1048576K

Card table byte_map: [0x000001d3f7530000,0x000001d3f7930000] byte_map_base: 0x000001d3f7122000

Marking Bits: (ParMarkBitMap*) 0x00000000529a7fe0
 Begin Bits: [0x000001d3f7be0000, 0x000001d3f9b70000)
 End Bits:   [0x000001d3f9b70000, 0x000001d3fbb00000)

Polling page: 0x000001d3e6780000

CodeCache: size=245760Kb used=1798Kb max_used=1816Kb free=243961Kb
 bounds [0x000001d3e8170000, 0x000001d3e83e0000, 0x000001d3f7170000]
 total_blobs=511 nmethods=257 adapters=175
 compilation: enabled

Compilation events (10 events):
Event: 0.340 Thread 0x000001d3fe6e8000  254       3       java.nio.ByteBuffer::arrayOffset (35 bytes)
Event: 0.340 Thread 0x000001d3fe6e8000 nmethod 254 0x000001d3e8317e10 code [0x000001d3e8317fa0, 0x000001d3e83182a0]
Event: 0.340 Thread 0x000001d3fe6e8000  256       3       sun.net.www.protocol.file.Handler::parseURL (18 bytes)
Event: 0.341 Thread 0x000001d3fe6e7000  255       4       sun.misc.MetaIndex::mayContain (51 bytes)
Event: 0.341 Thread 0x000001d3fe6e8000 nmethod 256 0x000001d3e8318410 code [0x000001d3e8318580, 0x000001d3e8318800]
Event: 0.341 Thread 0x000001d3fe6e8000  257       3       java.net.URLStreamHandler::parseURL (1193 bytes)
Event: 0.354 Thread 0x000001d3fe6e8000 nmethod 257 0x000001d3e8318910 code [0x000001d3e83194e0, 0x000001d3e8323450]
Event: 0.364 Thread 0x000001d3fe6e7000 nmethod 255 0x000001d3e832d850 code [0x000001d3e832d9a0, 0x000001d3e832def8]
Event: 0.374 Thread 0x000001d3fe6e3800 nmethod 249 0x000001d3e83317d0 code [0x000001d3e8331a60, 0x000001d3e8333780]
Event: 0.385 Thread 0x000001d3fe6e6000 nmethod 252 0x000001d3e8335010 code [0x000001d3e83352a0, 0x000001d3e8336e40]

GC Heap History (0 events):
No events

Deoptimization events (0 events):
No events

Classes redefined (8 events):
Event: 89.840 Thread 0x000001d3fc7fd000 redefined class name=Q14, count=1
Event: 168.114 Thread 0x000001d3fc7fd000 redefined class name=Q14, count=2
Event: 233.682 Thread 0x000001d3fc7fd000 redefined class name=Q14, count=3
Event: 310.106 Thread 0x000001d3fc7fd000 redefined class name=Q14, count=4
Event: 524.340 Thread 0x000001d3fc7fd000 redefined class name=Q14, count=5
Event: 662.141 Thread 0x000001d3fc7fd000 redefined class name=Q14, count=6
Event: 684.254 Thread 0x000001d3fc7fd000 redefined class name=Q14, count=7
Event: 846.229 Thread 0x000001d3fc7fd000 redefined class name=Q14, count=8

Internal exceptions (7 events):
Event: 0.028 Thread 0x000001d3e67c9800 Exception <a 'java/lang/NoSuchMethodError': Method sun.misc.Unsafe.defineClass(Ljava/lang/String;[BII)Ljava/lang/Class; name or signature does not match> (0x00000000d5f07cc0) thrown at [C:\jenkins\workspace\8-2-build-windows-amd64-cygwin\jdk8u271\605\hots
Event: 0.028 Thread 0x000001d3e67c9800 Exception <a 'java/lang/NoSuchMethodError': Method sun.misc.Unsafe.prefetchRead(Ljava/lang/Object;J)V name or signature does not match> (0x00000000d5f07fa8) thrown at [C:\jenkins\workspace\8-2-build-windows-amd64-cygwin\jdk8u271\605\hotspot\src\share\vm\p
Event: 0.146 Thread 0x000001d3e67c9800 Exception <a 'java/io/FileNotFoundException'> (0x00000000d6046a20) thrown at [C:\jenkins\workspace\8-2-build-windows-amd64-cygwin\jdk8u271\605\hotspot\src\share\vm\prims\jni.cpp, line 710]
Event: 0.163 Thread 0x000001d3e67c9800 Exception <a 'java/security/PrivilegedActionException'> (0x00000000d61c9ee0) thrown at [C:\jenkins\workspace\8-2-build-windows-amd64-cygwin\jdk8u271\605\hotspot\src\share\vm\prims\jvm.cpp, line 1512]
Event: 0.163 Thread 0x000001d3e67c9800 Exception <a 'java/security/PrivilegedActionException'> (0x00000000d61ca0f0) thrown at [C:\jenkins\workspace\8-2-build-windows-amd64-cygwin\jdk8u271\605\hotspot\src\share\vm\prims\jvm.cpp, line 1512]
Event: 0.164 Thread 0x000001d3e67c9800 Exception <a 'java/security/PrivilegedActionException'> (0x00000000d61ce000) thrown at [C:\jenkins\workspace\8-2-build-windows-amd64-cygwin\jdk8u271\605\hotspot\src\share\vm\prims\jvm.cpp, line 1512]
Event: 0.164 Thread 0x000001d3e67c9800 Exception <a 'java/security/PrivilegedActionException'> (0x00000000d61ce210) thrown at [C:\jenkins\workspace\8-2-build-windows-amd64-cygwin\jdk8u271\605\hotspot\src\share\vm\prims\jvm.cpp, line 1512]

Events (10 events):
Event: 684.486 Executing VM operation: GetOrSetLocal done
Event: 846.217 Executing VM operation: ChangeBreakpoints
Event: 846.217 Executing VM operation: ChangeBreakpoints done
Event: 846.227 Executing VM operation: RedefineClasses
Event: 846.229 Executing VM operation: RedefineClasses done
Event: 846.230 Executing VM operation: GetOrSetLocal
Event: 846.230 Executing VM operation: GetOrSetLocal done
Event: 846.293 Executing VM operation: ChangeBreakpoints
Event: 846.293 Executing VM operation: ChangeBreakpoints done
Event: 846.303 Executing VM operation: GetOrSetLocal


Dynamic libraries:
0x00007ff617280000 - 0x00007ff6172c7000 	C:\Program Files\Java\jdk1.8.0_271\bin\java.exe
0x00007ffa3b3e0000 - 0x00007ffa3b5d0000 	C:\WINDOWS\SYSTEM32\ntdll.dll
0x00007ffa3a330000 - 0x00007ffa3a3e2000 	C:\WINDOWS\System32\KERNEL32.DLL
0x00007ffa38360000 - 0x00007ffa38605000 	C:\WINDOWS\System32\KERNELBASE.dll
0x00007ffa39970000 - 0x00007ffa39a13000 	C:\WINDOWS\System32\ADVAPI32.dll
0x00007ffa398d0000 - 0x00007ffa3996e000 	C:\WINDOWS\System32\msvcrt.dll
0x00007ffa39ee0000 - 0x00007ffa39f77000 	C:\WINDOWS\System32\sechost.dll
0x00007ffa3a0e0000 - 0x00007ffa3a200000 	C:\WINDOWS\System32\RPCRT4.dll
0x00007ffa3b0e0000 - 0x00007ffa3b274000 	C:\WINDOWS\System32\USER32.dll
0x00007ffa39290000 - 0x00007ffa392b1000 	C:\WINDOWS\System32\win32u.dll
0x00007ffa39a80000 - 0x00007ffa39aa6000 	C:\WINDOWS\System32\GDI32.dll
0x00007ffa390f0000 - 0x00007ffa39286000 	C:\WINDOWS\System32\gdi32full.dll
0x00007ffa392c0000 - 0x00007ffa3935e000 	C:\WINDOWS\System32\msvcp_win.dll
0x00007ffa38ea0000 - 0x00007ffa38f9a000 	C:\WINDOWS\System32\ucrtbase.dll
0x00007ffa22620000 - 0x00007ffa228a4000 	C:\WINDOWS\WinSxS\amd64_microsoft.windows.common-controls_6595b64144ccf1df_6.0.18362.1198_none_9e820b57e45ad92f\COMCTL32.dll
0x00007ffa39b90000 - 0x00007ffa39ec5000 	C:\WINDOWS\System32\combase.dll
0x00007ffa38670000 - 0x00007ffa386f0000 	C:\WINDOWS\System32\bcryptPrimitives.dll
0x00007ffa3b0b0000 - 0x00007ffa3b0de000 	C:\WINDOWS\System32\IMM32.DLL
0x00007ffa32700000 - 0x00007ffa32715000 	C:\Program Files\Java\jdk1.8.0_271\jre\bin\vcruntime140.dll
0x00007ffa0ddb0000 - 0x00007ffa0de4b000 	C:\Program Files\Java\jdk1.8.0_271\jre\bin\msvcp140.dll
0x00000000521b0000 - 0x0000000052a1f000 	C:\Program Files\Java\jdk1.8.0_271\jre\bin\server\jvm.dll
0x00007ffa39b80000 - 0x00007ffa39b88000 	C:\WINDOWS\System32\PSAPI.DLL
0x00007ffa1dda0000 - 0x00007ffa1dda9000 	C:\WINDOWS\SYSTEM32\WSOCK32.dll
0x00007ffa327f0000 - 0x00007ffa32814000 	C:\WINDOWS\SYSTEM32\WINMM.dll
0x00007ffa2fb50000 - 0x00007ffa2fb5a000 	C:\WINDOWS\SYSTEM32\VERSION.dll
0x00007ffa3b280000 - 0x00007ffa3b2ef000 	C:\WINDOWS\System32\WS2_32.dll
0x00007ffa327c0000 - 0x00007ffa327ed000 	C:\WINDOWS\SYSTEM32\winmmbase.dll
0x00007ffa39440000 - 0x00007ffa3948a000 	C:\WINDOWS\System32\cfgmgr32.dll
0x00007ffa382a0000 - 0x00007ffa382b1000 	C:\WINDOWS\System32\kernel.appcore.dll
0x00007ffa29ad0000 - 0x00007ffa29ae0000 	C:\Program Files\Java\jdk1.8.0_271\jre\bin\verify.dll
0x00007ffa207f0000 - 0x00007ffa2081b000 	C:\Program Files\Java\jdk1.8.0_271\jre\bin\java.dll
0x00007ffa0dcd0000 - 0x00007ffa0dd06000 	C:\Program Files\Java\jdk1.8.0_271\jre\bin\jdwp.dll
0x00007ffa2ee00000 - 0x00007ffa2ee09000 	C:\Program Files\Java\jdk1.8.0_271\jre\bin\npt.dll
0x00007ffa29a60000 - 0x00007ffa29a78000 	C:\Program Files\Java\jdk1.8.0_271\jre\bin\zip.dll
0x00007ffa3a3f0000 - 0x00007ffa3aad7000 	C:\WINDOWS\System32\SHELL32.dll
0x00007ffa3b2f0000 - 0x00007ffa3b399000 	C:\WINDOWS\System32\shcore.dll
0x00007ffa386f0000 - 0x00007ffa38e71000 	C:\WINDOWS\System32\windows.storage.dll
0x00007ffa382c0000 - 0x00007ffa382e3000 	C:\WINDOWS\System32\profapi.dll
0x00007ffa38310000 - 0x00007ffa3835a000 	C:\WINDOWS\System32\powrprof.dll
0x00007ffa38290000 - 0x00007ffa382a0000 	C:\WINDOWS\System32\UMPDC.dll
0x00007ffa3a2d0000 - 0x00007ffa3a322000 	C:\WINDOWS\System32\shlwapi.dll
0x00007ffa38e80000 - 0x00007ffa38e97000 	C:\WINDOWS\System32\cryptsp.dll
0x00007ffa24f20000 - 0x00007ffa24f2a000 	C:\Program Files\Java\jdk1.8.0_271\jre\bin\dt_socket.dll
0x00007ffa37ae0000 - 0x00007ffa37b47000 	C:\WINDOWS\system32\mswsock.dll
0x00007ffa34650000 - 0x00007ffa34844000 	C:\WINDOWS\SYSTEM32\dbghelp.dll

VM Arguments:
jvm_args: -agentlib:jdwp=transport=dt_socket,address=127.0.0.1:13482,suspend=y,server=n -ea -Didea.test.cyclic.buffer.size=1048576 -Dfile.encoding=UTF-8 
java_command: com.intellij.rt.execution.junit.JUnitStarter -ideVersion5 -junit4 Q14,testLongestCommonPrefix
java_class_path (initial): C:\Developer\IntelliJ IDEA 2017.3.7\lib\idea_rt.jar;C:\Developer\IntelliJ IDEA 2017.3.7\plugins\junit\lib\junit-rt.jar;C:\Developer\IntelliJ IDEA 2017.3.7\plugins\junit\lib\junit5-rt.jar;C:\Program Files\Java\jdk1.8.0_271\jre\lib\charsets.jar;C:\Program Files\Java\jdk1.8.0_271\jre\lib\deploy.jar;C:\Program Files\Java\jdk1.8.0_271\jre\lib\ext\access-bridge-64.jar;C:\Program Files\Java\jdk1.8.0_271\jre\lib\ext\cldrdata.jar;C:\Program Files\Java\jdk1.8.0_271\jre\lib\ext\dnsns.jar;C:\Program Files\Java\jdk1.8.0_271\jre\lib\ext\jaccess.jar;C:\Program Files\Java\jdk1.8.0_271\jre\lib\ext\jfxrt.jar;C:\Program Files\Java\jdk1.8.0_271\jre\lib\ext\localedata.jar;C:\Program Files\Java\jdk1.8.0_271\jre\lib\ext\nashorn.jar;C:\Program Files\Java\jdk1.8.0_271\jre\lib\ext\sunec.jar;C:\Program Files\Java\jdk1.8.0_271\jre\lib\ext\sunjce_provider.jar;C:\Program Files\Java\jdk1.8.0_271\jre\lib\ext\sunmscapi.jar;C:\Program Files\Java\jdk1.8.0_271\jre\lib\ext\sunpkcs11.jar;C:\Program Files\Java\jdk1.8.0_271\jre\lib\ext\zipfs.jar;C:\Program Files\Java\jdk1.8.0_271\jre\lib\javaws.jar;C:\Program Files\Java\jdk1.8.0_271\jre\lib\jce.jar;C:\Program Files\Java\jdk1.8.0_271\jre\lib\jfr.jar;C:\Program Files\Java\jdk1.8.0_271\jre\lib\jfxswt.jar;C:\Program Files\Java\jdk1.8.0_271\jre\lib\jsse.jar;C:\Program Files\Java\jdk1.8.0_271\jre\lib\management-agent.jar;C:\Program Files\Java\jdk1.8.0_271\jre\lib\plugin.jar;C:\Program Files\Java\jdk1.8.0_271\jre\lib\resources.jar;C:\Program Files\Java\jdk1.8.0_271\jre\lib\rt.jar;C:\Users\zacha\IdeaProjects\JavaAlgoritm\out\production\String;C:\Developer\IntelliJ IDEA 2017.3.7\lib\junit-4.12.jar;C:\Developer\IntelliJ IDEA 2017.3.7\lib\hamcrest-core-1.3.jar
Launcher Type: SUN_STANDARD

Environment Variables:
JAVA_HOME=C:\Program Files\Java\jdk1.8.0_271
PATH=C:\Program Files (x86)\Common Files\Oracle\Java\javapath;C:\Program Files (x86)\Intel\Intel(R) Management Engine Components\iCLS\;C:\Program Files\Intel\Intel(R) Management Engine Components\iCLS\;C:\Windows\system32;C:\Windows;C:\Windows\System32\Wbem;C:\Windows\System32\WindowsPowerShell\v1.0\;C:\Windows\System32\OpenSSH\;C:\Program Files (x86)\Intel\Intel(R) Management Engine Components\DAL;C:\Program Files\Intel\Intel(R) Management Engine Components\DAL;C:\Program Files (x86)\Intel\Intel(R) Management Engine Components\IPT;C:\Program Files\Intel\Intel(R) Management Engine Components\IPT;C:\Program Files (x86)\NVIDIA Corporation\PhysX\Common;C:\Program Files\Intel\WiFi\bin\;C:\Program Files\Common Files\Intel\WirelessCommon\;C:\Program Files\Calibre2\;C:\Program Files\MATLAB\R2018a\runtime\win64;C:\Program Files\MATLAB\R2018a\bin;C:\WINDOWS\system32;C:\WINDOWS;C:\WINDOWS\System32\Wbem;C:\WINDOWS\System32\WindowsPowerShell\v1.0\;C:\WINDOWS\System32\OpenSSH\;C:\Program Files\Git\cmd;C:\Developer\Pandoc\;C:\Program Files\Java\jdk1.8.0_271\bin;C:\Developer\apache-maven-3.6.1\bin;C:\Users\zacha\AppData\Local\Programs\Python\Python37\Scripts\;C:\Users\zacha\AppData\Local\Programs\Python\Python37\;C:\Users\zacha\AppData\Local\Microsoft\WindowsApps;C:\app\PyCharm\PyCharm Community Edition 2019.2.2\bin;C:\Users\zacha\AppData\Local\GitHubDesktop\bin;
USERNAME=zacha
OS=Windows_NT
PROCESSOR_IDENTIFIER=Intel64 Family 6 Model 142 Stepping 10, GenuineIntel



---------------  S Y S T E M  ---------------

OS: Windows 10.0 , 64 bit Build 18362 (10.0.18362.1110)

CPU:total 8 (initial active 8) (4 cores per cpu, 2 threads per core) family 6 model 142 stepping 10, cmov, cx8, fxsr, mmx, sse, sse2, sse3, ssse3, sse4.1, sse4.2, popcnt, avx, avx2, aes, clmul, erms, 3dnowpref, lzcnt, ht, tsc, tscinvbit, bmi1, bmi2, adx

Memory: 4k page, physical 8267588k(1739896k free), swap 21899076k(7197232k free)

vm_info: Java HotSpot(TM) 64-Bit Server VM (25.271-b09) for windows-amd64 JRE (1.8.0_271-b09), built on Sep 16 2020 19:14:59 by "" with MS VC++ 15.9 (VS2017)

time: Tue Dec  1 10:56:09 2020
timezone: ?D1¨²¡À¨º¡Á?¨º¡À??
elapsed time: 846.344841 seconds (0d 0h 14m 6s)

